[  119900ms] [ERROR] Refused to apply style from 'http://localhost:3000/_next/static/css/app/layout.css?v=1773302771272' because its MIME type ('text/html') is not a supported stylesheet MIME type, and strict MIME checking is enabled. @ http://localhost:3000/en/shared/Ud4x1yn1nh:0
[  119903ms] [ERROR] Refused to apply style from 'http://localhost:3000/_next/static/css/app/%5Blocale%5D/layout.css?v=1773302771272' because its MIME type ('text/html') is not a supported stylesheet MIME type, and strict MIME checking is enabled. @ http://localhost:3000/en/shared/Ud4x1yn1nh:0
[  121367ms] [ERROR] Failed to load resource: the server responded with a status of 500 (Internal Server Error) @ http://localhost:3000/en/shared/Ud4x1yn1nh?_rsc=13wjw:0
[  121969ms] [ERROR] Failed to load resource: the server responded with a status of 500 (Internal Server Error) @ http://localhost:3000/en/shared/Ud4x1yn1nh?_rsc=13wjw:0
[  122547ms] [ERROR] Failed to load resource: the server responded with a status of 500 (Internal Server Error) @ http://localhost:3000/en/shared/Ud4x1yn1nh?_rsc=13wjw:0
[  123112ms] [ERROR] Failed to load resource: the server responded with a status of 500 (Internal Server Error) @ http://localhost:3000/en/shared/Ud4x1yn1nh?_rsc=13wjw:0
[  123683ms] [ERROR] Failed to load resource: the server responded with a status of 500 (Internal Server Error) @ http://localhost:3000/en/shared/Ud4x1yn1nh?_rsc=13wjw:0
[  124244ms] [ERROR] Failed to load resource: the server responded with a status of 500 (Internal Server Error) @ http://localhost:3000/en/shared/Ud4x1yn1nh?_rsc=13wjw:0
[  124802ms] [ERROR] Failed to load resource: the server responded with a status of 500 (Internal Server Error) @ http://localhost:3000/en/shared/Ud4x1yn1nh?_rsc=13wjw:0
[  125399ms] [ERROR] Failed to load resource: the server responded with a status of 500 (Internal Server Error) @ http://localhost:3000/en/shared/Ud4x1yn1nh?_rsc=13wjw:0
[  126497ms] [ERROR] Failed to load resource: the server responded with a status of 500 (Internal Server Error) @ http://localhost:3000/en/shared/Ud4x1yn1nh?_rsc=13wjw:0
[  128014ms] [ERROR] Failed to load resource: the server responded with a status of 500 (Internal Server Error) @ http://localhost:3000/en/shared/Ud4x1yn1nh?_rsc=13wjw:0
[  128848ms] [ERROR] Failed to load resource: the server responded with a status of 500 (Internal Server Error) @ http://localhost:3000/en/shared/Ud4x1yn1nh?_rsc=13wjw:0
[  129441ms] [ERROR] Failed to load resource: the server responded with a status of 500 (Internal Server Error) @ http://localhost:3000/en/shared/Ud4x1yn1nh?_rsc=13wjw:0
[  129976ms] [ERROR] Failed to load resource: the server responded with a status of 500 (Internal Server Error) @ http://localhost:3000/en/shared/Ud4x1yn1nh?_rsc=13wjw:0
[  130506ms] [ERROR] Failed to load resource: the server responded with a status of 500 (Internal Server Error) @ http://localhost:3000/en/shared/Ud4x1yn1nh?_rsc=13wjw:0
[  133237ms] [ERROR] Failed to load resource: the server responded with a status of 500 (Internal Server Error) @ http://localhost:3000/en/shared/Ud4x1yn1nh?_rsc=13wjw:0
[  133341ms] [ERROR] Failed to load resource: the server responded with a status of 500 (Internal Server Error) @ http://localhost:3000/en/shared/Ud4x1yn1nh?_rsc=13wjw:0
[  135498ms] [WARNING] [Fast Refresh] performing full reload

Fast Refresh will perform a full reload when you edit a file that's imported by modules outside of the React rendering tree.
You might have a file which exports a React component but also exports a value that is imported by a non-React component file.
Consider migrating the non-React component export to a separate file and importing it into both files.

It is also possible the parent component of the component you edited is a class component, which disables Fast Refresh.
Fast Refresh requires at least one parent function component in your React tree. @ webpack-internal:///(app-pages-browser)/./node_modules/next/dist/client/components/react-dev-overlay/app/hot-reloader-client.js:112
[  135499ms] [ERROR] Failed to load resource: the server responded with a status of 500 (Internal Server Error) @ http://localhost:3000/en/shared/Ud4x1yn1nh:0
[  136187ms] [ERROR] Failed to load resource: the server responded with a status of 404 (Not Found) @ http://localhost:3000/_next/static/chunks/fallback/webpack.js:0
[  136187ms] [ERROR] Refused to execute script from 'http://localhost:3000/_next/static/chunks/fallback/webpack.js' because its MIME type ('text/html') is not executable, and strict MIME type checking is enabled. @ http://localhost:3000/en/shared/Ud4x1yn1nh:0
[  136308ms] [ERROR] Failed to load resource: the server responded with a status of 404 (Not Found) @ http://localhost:3000/_next/static/chunks/fallback/main.js:0
[  136308ms] [ERROR] Refused to execute script from 'http://localhost:3000/_next/static/chunks/fallback/main.js' because its MIME type ('text/html') is not executable, and strict MIME type checking is enabled. @ http://localhost:3000/en/shared/Ud4x1yn1nh:0
[  136309ms] [ERROR] Failed to load resource: the server responded with a status of 404 (Not Found) @ http://localhost:3000/_next/static/chunks/fallback/react-refresh.js:0
[  136309ms] [ERROR] Refused to execute script from 'http://localhost:3000/_next/static/chunks/fallback/react-refresh.js' because its MIME type ('text/html') is not executable, and strict MIME type checking is enabled. @ http://localhost:3000/en/shared/Ud4x1yn1nh:0
[  136309ms] [ERROR] Failed to load resource: the server responded with a status of 404 (Not Found) @ http://localhost:3000/_next/static/chunks/fallback/pages/_app.js:0
[  136309ms] [ERROR] Refused to execute script from 'http://localhost:3000/_next/static/chunks/fallback/pages/_app.js' because its MIME type ('text/html') is not executable, and strict MIME type checking is enabled. @ http://localhost:3000/en/shared/Ud4x1yn1nh:0
[  136309ms] [ERROR] Failed to load resource: the server responded with a status of 404 (Not Found) @ http://localhost:3000/_next/static/chunks/fallback/pages/_error.js:0
[  136309ms] [ERROR] Refused to execute script from 'http://localhost:3000/_next/static/chunks/fallback/pages/_error.js' because its MIME type ('text/html') is not executable, and strict MIME type checking is enabled. @ http://localhost:3000/en/shared/Ud4x1yn1nh:0
