[   48498ms] [ERROR] Failed to load resource: the server responded with a status of 500 (Internal Server Error) @ http://localhost:3000/ko:0
[   49170ms] Error: supabaseUrl is required.
    at new SupabaseClient (webpack-internal:///(app-pages-browser)/./node_modules/@supabase/supabase-js/dist/module/SupabaseClient.js:53:19)
    at createClient (webpack-internal:///(app-pages-browser)/./node_modules/@supabase/supabase-js/dist/module/index.js:60:12)
    at eval (webpack-internal:///(app-pages-browser)/./src/lib/supabase.ts:10:85)
    at (app-pages-browser)/./src/lib/supabase.ts (http://localhost:3000/_next/static/chunks/app/%5Blocale%5D/page.js:7710:1)
    at options.factory (http://localhost:3000/_next/static/chunks/webpack.js:712:31)
    at __webpack_require__ (http://localhost:3000/_next/static/chunks/webpack.js:37:33)
    at fn (http://localhost:3000/_next/static/chunks/webpack.js:369:21)
    at eval (webpack-internal:///(app-pages-browser)/./src/hooks/useImageUpload.ts:7:71)
    at (app-pages-browser)/./src/hooks/useImageUpload.ts (http://localhost:3000/_next/static/chunks/app/%5Blocale%5D/page.js:7677:1)
    at options.factory (http://localhost:3000/_next/static/chunks/webpack.js:712:31)
    at __webpack_require__ (http://localhost:3000/_next/static/chunks/webpack.js:37:33)
    at fn (http://localhost:3000/_next/static/chunks/webpack.js:369:21)
    at eval (webpack-internal:///(app-pages-browser)/./src/components/EditorSection.tsx:10:79)
    at (app-pages-browser)/./src/components/EditorSection.tsx (http://localhost:3000/_next/static/chunks/app/%5Blocale%5D/page.js:7512:1)
    at options.factory (http://localhost:3000/_next/static/chunks/webpack.js:712:31)
    at __webpack_require__ (http://localhost:3000/_next/static/chunks/webpack.js:37:33)
    at fn (http://localhost:3000/_next/static/chunks/webpack.js:369:21)
    at eval (webpack-internal:///(app-pages-browser)/./src/app/[locale]/page.tsx:16:83)
    at (app-pages-browser)/./src/app/[locale]/page.tsx (http://localhost:3000/_next/static/chunks/app/%5Blocale%5D/page.js:7490:1)
    at options.factory (http://localhost:3000/_next/static/chunks/webpack.js:712:31)
    at __webpack_require__ (http://localhost:3000/_next/static/chunks/webpack.js:37:33)
    at fn (http://localhost:3000/_next/static/chunks/webpack.js:369:21)
    at requireModule (webpack-internal:///(app-pages-browser)/./node_modules/next/dist/compiled/react-server-dom-webpack/cjs/react-server-dom-webpack-client.browser.development.js:121:27)
    at initializeModuleChunk (webpack-internal:///(app-pages-browser)/./node_modules/next/dist/compiled/react-server-dom-webpack/cjs/react-server-dom-webpack-client.browser.development.js:1078:21)
    at resolveModuleChunk (webpack-internal:///(app-pages-browser)/./node_modules/next/dist/compiled/react-server-dom-webpack/cjs/react-server-dom-webpack-client.browser.development.js:1042:12)
    at eval (webpack-internal:///(app-pages-browser)/./node_modules/next/dist/compiled/react-server-dom-webpack/cjs/react-server-dom-webpack-client.browser.development.js:1636:20)
    at InnerLayoutRouter (webpack-internal:///(app-pages-browser)/./node_modules/next/dist/client/components/layout-router.js:308:55)
    at OuterLayoutRouter (webpack-internal:///(app-pages-browser)/./node_modules/next/dist/client/components/layout-router.js:458:73)
[   49185ms] Error: supabaseUrl is required.
    at new SupabaseClient (webpack-internal:///(app-pages-browser)/./node_modules/@supabase/supabase-js/dist/module/SupabaseClient.js:53:19)
    at createClient (webpack-internal:///(app-pages-browser)/./node_modules/@supabase/supabase-js/dist/module/index.js:60:12)
    at eval (webpack-internal:///(app-pages-browser)/./src/lib/supabase.ts:10:85)
    at (app-pages-browser)/./src/lib/supabase.ts (http://localhost:3000/_next/static/chunks/app/%5Blocale%5D/page.js:7710:1)
    at options.factory (http://localhost:3000/_next/static/chunks/webpack.js:712:31)
    at __webpack_require__ (http://localhost:3000/_next/static/chunks/webpack.js:37:33)
    at fn (http://localhost:3000/_next/static/chunks/webpack.js:369:21)
    at eval (webpack-internal:///(app-pages-browser)/./src/hooks/useImageUpload.ts:7:71)
    at (app-pages-browser)/./src/hooks/useImageUpload.ts (http://localhost:3000/_next/static/chunks/app/%5Blocale%5D/page.js:7677:1)
    at options.factory (http://localhost:3000/_next/static/chunks/webpack.js:712:31)
    at __webpack_require__ (http://localhost:3000/_next/static/chunks/webpack.js:37:33)
    at fn (http://localhost:3000/_next/static/chunks/webpack.js:369:21)
    at eval (webpack-internal:///(app-pages-browser)/./src/components/EditorSection.tsx:10:79)
    at (app-pages-browser)/./src/components/EditorSection.tsx (http://localhost:3000/_next/static/chunks/app/%5Blocale%5D/page.js:7512:1)
    at options.factory (http://localhost:3000/_next/static/chunks/webpack.js:712:31)
    at __webpack_require__ (http://localhost:3000/_next/static/chunks/webpack.js:37:33)
    at fn (http://localhost:3000/_next/static/chunks/webpack.js:369:21)
    at eval (webpack-internal:///(app-pages-browser)/./src/app/[locale]/page.tsx:16:83)
    at (app-pages-browser)/./src/app/[locale]/page.tsx (http://localhost:3000/_next/static/chunks/app/%5Blocale%5D/page.js:7490:1)
    at options.factory (http://localhost:3000/_next/static/chunks/webpack.js:712:31)
    at __webpack_require__ (http://localhost:3000/_next/static/chunks/webpack.js:37:33)
    at fn (http://localhost:3000/_next/static/chunks/webpack.js:369:21)
[   50540ms] [WARNING] [Fast Refresh] performing full reload because your application had an unrecoverable error @ webpack-internal:///(app-pages-browser)/./node_modules/next/dist/client/components/react-dev-overlay/app/hot-reloader-client.js:114
[   50920ms] [ERROR] Failed to load resource: the server responded with a status of 500 (Internal Server Error) @ http://localhost:3000/ko:0
[   51618ms] Error: supabaseUrl is required.
    at new SupabaseClient (webpack-internal:///(app-pages-browser)/./node_modules/@supabase/supabase-js/dist/module/SupabaseClient.js:53:19)
    at createClient (webpack-internal:///(app-pages-browser)/./node_modules/@supabase/supabase-js/dist/module/index.js:60:12)
    at eval (webpack-internal:///(app-pages-browser)/./src/lib/supabase.ts:10:85)
    at (app-pages-browser)/./src/lib/supabase.ts (http://localhost:3000/_next/static/chunks/app/%5Blocale%5D/page.js:7710:1)
    at options.factory (http://localhost:3000/_next/static/chunks/webpack.js:712:31)
    at __webpack_require__ (http://localhost:3000/_next/static/chunks/webpack.js:37:33)
    at fn (http://localhost:3000/_next/static/chunks/webpack.js:369:21)
    at eval (webpack-internal:///(app-pages-browser)/./src/hooks/useImageUpload.ts:7:71)
    at (app-pages-browser)/./src/hooks/useImageUpload.ts (http://localhost:3000/_next/static/chunks/app/%5Blocale%5D/page.js:7677:1)
    at options.factory (http://localhost:3000/_next/static/chunks/webpack.js:712:31)
    at __webpack_require__ (http://localhost:3000/_next/static/chunks/webpack.js:37:33)
    at fn (http://localhost:3000/_next/static/chunks/webpack.js:369:21)
    at eval (webpack-internal:///(app-pages-browser)/./src/components/EditorSection.tsx:10:79)
    at (app-pages-browser)/./src/components/EditorSection.tsx (http://localhost:3000/_next/static/chunks/app/%5Blocale%5D/page.js:7512:1)
    at options.factory (http://localhost:3000/_next/static/chunks/webpack.js:712:31)
    at __webpack_require__ (http://localhost:3000/_next/static/chunks/webpack.js:37:33)
    at fn (http://localhost:3000/_next/static/chunks/webpack.js:369:21)
    at eval (webpack-internal:///(app-pages-browser)/./src/app/[locale]/page.tsx:16:83)
    at (app-pages-browser)/./src/app/[locale]/page.tsx (http://localhost:3000/_next/static/chunks/app/%5Blocale%5D/page.js:7490:1)
    at options.factory (http://localhost:3000/_next/static/chunks/webpack.js:712:31)
    at __webpack_require__ (http://localhost:3000/_next/static/chunks/webpack.js:37:33)
    at fn (http://localhost:3000/_next/static/chunks/webpack.js:369:21)
    at requireModule (webpack-internal:///(app-pages-browser)/./node_modules/next/dist/compiled/react-server-dom-webpack/cjs/react-server-dom-webpack-client.browser.development.js:121:27)
    at initializeModuleChunk (webpack-internal:///(app-pages-browser)/./node_modules/next/dist/compiled/react-server-dom-webpack/cjs/react-server-dom-webpack-client.browser.development.js:1078:21)
    at resolveModuleChunk (webpack-internal:///(app-pages-browser)/./node_modules/next/dist/compiled/react-server-dom-webpack/cjs/react-server-dom-webpack-client.browser.development.js:1042:12)
    at eval (webpack-internal:///(app-pages-browser)/./node_modules/next/dist/compiled/react-server-dom-webpack/cjs/react-server-dom-webpack-client.browser.development.js:1636:20)
    at InnerLayoutRouter (webpack-internal:///(app-pages-browser)/./node_modules/next/dist/client/components/layout-router.js:308:55)
    at OuterLayoutRouter (webpack-internal:///(app-pages-browser)/./node_modules/next/dist/client/components/layout-router.js:458:73)
[   51628ms] Error: supabaseUrl is required.
    at new SupabaseClient (webpack-internal:///(app-pages-browser)/./node_modules/@supabase/supabase-js/dist/module/SupabaseClient.js:53:19)
    at createClient (webpack-internal:///(app-pages-browser)/./node_modules/@supabase/supabase-js/dist/module/index.js:60:12)
    at eval (webpack-internal:///(app-pages-browser)/./src/lib/supabase.ts:10:85)
    at (app-pages-browser)/./src/lib/supabase.ts (http://localhost:3000/_next/static/chunks/app/%5Blocale%5D/page.js:7710:1)
    at options.factory (http://localhost:3000/_next/static/chunks/webpack.js:712:31)
    at __webpack_require__ (http://localhost:3000/_next/static/chunks/webpack.js:37:33)
    at fn (http://localhost:3000/_next/static/chunks/webpack.js:369:21)
    at eval (webpack-internal:///(app-pages-browser)/./src/hooks/useImageUpload.ts:7:71)
    at (app-pages-browser)/./src/hooks/useImageUpload.ts (http://localhost:3000/_next/static/chunks/app/%5Blocale%5D/page.js:7677:1)
    at options.factory (http://localhost:3000/_next/static/chunks/webpack.js:712:31)
    at __webpack_require__ (http://localhost:3000/_next/static/chunks/webpack.js:37:33)
    at fn (http://localhost:3000/_next/static/chunks/webpack.js:369:21)
    at eval (webpack-internal:///(app-pages-browser)/./src/components/EditorSection.tsx:10:79)
    at (app-pages-browser)/./src/components/EditorSection.tsx (http://localhost:3000/_next/static/chunks/app/%5Blocale%5D/page.js:7512:1)
    at options.factory (http://localhost:3000/_next/static/chunks/webpack.js:712:31)
    at __webpack_require__ (http://localhost:3000/_next/static/chunks/webpack.js:37:33)
    at fn (http://localhost:3000/_next/static/chunks/webpack.js:369:21)
    at eval (webpack-internal:///(app-pages-browser)/./src/app/[locale]/page.tsx:16:83)
    at (app-pages-browser)/./src/app/[locale]/page.tsx (http://localhost:3000/_next/static/chunks/app/%5Blocale%5D/page.js:7490:1)
    at options.factory (http://localhost:3000/_next/static/chunks/webpack.js:712:31)
    at __webpack_require__ (http://localhost:3000/_next/static/chunks/webpack.js:37:33)
    at fn (http://localhost:3000/_next/static/chunks/webpack.js:369:21)
[   52756ms] [ERROR] Failed to load resource: the server responded with a status of 500 (Internal Server Error) @ http://localhost:3000/ko:0
[   54527ms] Error: supabaseUrl is required.
    at new SupabaseClient (webpack-internal:///(app-pages-browser)/./node_modules/@supabase/supabase-js/dist/module/SupabaseClient.js:53:19)
    at createClient (webpack-internal:///(app-pages-browser)/./node_modules/@supabase/supabase-js/dist/module/index.js:60:12)
    at eval (webpack-internal:///(app-pages-browser)/./src/lib/supabase.ts:10:85)
    at (app-pages-browser)/./src/lib/supabase.ts (http://localhost:3000/_next/static/chunks/app/%5Blocale%5D/page.js:7710:1)
    at options.factory (http://localhost:3000/_next/static/chunks/webpack.js:712:31)
    at __webpack_require__ (http://localhost:3000/_next/static/chunks/webpack.js:37:33)
    at fn (http://localhost:3000/_next/static/chunks/webpack.js:369:21)
    at eval (webpack-internal:///(app-pages-browser)/./src/hooks/useImageUpload.ts:7:71)
    at (app-pages-browser)/./src/hooks/useImageUpload.ts (http://localhost:3000/_next/static/chunks/app/%5Blocale%5D/page.js:7677:1)
    at options.factory (http://localhost:3000/_next/static/chunks/webpack.js:712:31)
    at __webpack_require__ (http://localhost:3000/_next/static/chunks/webpack.js:37:33)
    at fn (http://localhost:3000/_next/static/chunks/webpack.js:369:21)
    at eval (webpack-internal:///(app-pages-browser)/./src/components/EditorSection.tsx:10:79)
    at (app-pages-browser)/./src/components/EditorSection.tsx (http://localhost:3000/_next/static/chunks/app/%5Blocale%5D/page.js:7512:1)
    at options.factory (http://localhost:3000/_next/static/chunks/webpack.js:712:31)
    at __webpack_require__ (http://localhost:3000/_next/static/chunks/webpack.js:37:33)
    at fn (http://localhost:3000/_next/static/chunks/webpack.js:369:21)
    at eval (webpack-internal:///(app-pages-browser)/./src/app/[locale]/page.tsx:16:83)
    at (app-pages-browser)/./src/app/[locale]/page.tsx (http://localhost:3000/_next/static/chunks/app/%5Blocale%5D/page.js:7490:1)
    at options.factory (http://localhost:3000/_next/static/chunks/webpack.js:712:31)
    at __webpack_require__ (http://localhost:3000/_next/static/chunks/webpack.js:37:33)
    at fn (http://localhost:3000/_next/static/chunks/webpack.js:369:21)
    at requireModule (webpack-internal:///(app-pages-browser)/./node_modules/next/dist/compiled/react-server-dom-webpack/cjs/react-server-dom-webpack-client.browser.development.js:121:27)
    at initializeModuleChunk (webpack-internal:///(app-pages-browser)/./node_modules/next/dist/compiled/react-server-dom-webpack/cjs/react-server-dom-webpack-client.browser.development.js:1078:21)
    at resolveModuleChunk (webpack-internal:///(app-pages-browser)/./node_modules/next/dist/compiled/react-server-dom-webpack/cjs/react-server-dom-webpack-client.browser.development.js:1042:12)
    at eval (webpack-internal:///(app-pages-browser)/./node_modules/next/dist/compiled/react-server-dom-webpack/cjs/react-server-dom-webpack-client.browser.development.js:1636:20)
    at InnerLayoutRouter (webpack-internal:///(app-pages-browser)/./node_modules/next/dist/client/components/layout-router.js:308:55)
    at OuterLayoutRouter (webpack-internal:///(app-pages-browser)/./node_modules/next/dist/client/components/layout-router.js:458:73)
[   54537ms] Error: supabaseUrl is required.
    at new SupabaseClient (webpack-internal:///(app-pages-browser)/./node_modules/@supabase/supabase-js/dist/module/SupabaseClient.js:53:19)
    at createClient (webpack-internal:///(app-pages-browser)/./node_modules/@supabase/supabase-js/dist/module/index.js:60:12)
    at eval (webpack-internal:///(app-pages-browser)/./src/lib/supabase.ts:10:85)
    at (app-pages-browser)/./src/lib/supabase.ts (http://localhost:3000/_next/static/chunks/app/%5Blocale%5D/page.js:7710:1)
    at options.factory (http://localhost:3000/_next/static/chunks/webpack.js:712:31)
    at __webpack_require__ (http://localhost:3000/_next/static/chunks/webpack.js:37:33)
    at fn (http://localhost:3000/_next/static/chunks/webpack.js:369:21)
    at eval (webpack-internal:///(app-pages-browser)/./src/hooks/useImageUpload.ts:7:71)
    at (app-pages-browser)/./src/hooks/useImageUpload.ts (http://localhost:3000/_next/static/chunks/app/%5Blocale%5D/page.js:7677:1)
    at options.factory (http://localhost:3000/_next/static/chunks/webpack.js:712:31)
    at __webpack_require__ (http://localhost:3000/_next/static/chunks/webpack.js:37:33)
    at fn (http://localhost:3000/_next/static/chunks/webpack.js:369:21)
    at eval (webpack-internal:///(app-pages-browser)/./src/components/EditorSection.tsx:10:79)
    at (app-pages-browser)/./src/components/EditorSection.tsx (http://localhost:3000/_next/static/chunks/app/%5Blocale%5D/page.js:7512:1)
    at options.factory (http://localhost:3000/_next/static/chunks/webpack.js:712:31)
    at __webpack_require__ (http://localhost:3000/_next/static/chunks/webpack.js:37:33)
    at fn (http://localhost:3000/_next/static/chunks/webpack.js:369:21)
    at eval (webpack-internal:///(app-pages-browser)/./src/app/[locale]/page.tsx:16:83)
    at (app-pages-browser)/./src/app/[locale]/page.tsx (http://localhost:3000/_next/static/chunks/app/%5Blocale%5D/page.js:7490:1)
    at options.factory (http://localhost:3000/_next/static/chunks/webpack.js:712:31)
    at __webpack_require__ (http://localhost:3000/_next/static/chunks/webpack.js:37:33)
    at fn (http://localhost:3000/_next/static/chunks/webpack.js:369:21)
[   55761ms] [WARNING] [Fast Refresh] performing full reload because your application had an unrecoverable error @ webpack-internal:///(app-pages-browser)/./node_modules/next/dist/client/components/react-dev-overlay/app/hot-reloader-client.js:114
[   56149ms] [ERROR] Failed to load resource: the server responded with a status of 500 (Internal Server Error) @ http://localhost:3000/ko:0
[   56718ms] Error: supabaseUrl is required.
    at new SupabaseClient (webpack-internal:///(app-pages-browser)/./node_modules/@supabase/supabase-js/dist/module/SupabaseClient.js:53:19)
    at createClient (webpack-internal:///(app-pages-browser)/./node_modules/@supabase/supabase-js/dist/module/index.js:60:12)
    at eval (webpack-internal:///(app-pages-browser)/./src/lib/supabase.ts:10:85)
    at (app-pages-browser)/./src/lib/supabase.ts (http://localhost:3000/_next/static/chunks/app/%5Blocale%5D/page.js:7710:1)
    at options.factory (http://localhost:3000/_next/static/chunks/webpack.js:712:31)
    at __webpack_require__ (http://localhost:3000/_next/static/chunks/webpack.js:37:33)
    at fn (http://localhost:3000/_next/static/chunks/webpack.js:369:21)
    at eval (webpack-internal:///(app-pages-browser)/./src/hooks/useImageUpload.ts:7:71)
    at (app-pages-browser)/./src/hooks/useImageUpload.ts (http://localhost:3000/_next/static/chunks/app/%5Blocale%5D/page.js:7677:1)
    at options.factory (http://localhost:3000/_next/static/chunks/webpack.js:712:31)
    at __webpack_require__ (http://localhost:3000/_next/static/chunks/webpack.js:37:33)
    at fn (http://localhost:3000/_next/static/chunks/webpack.js:369:21)
    at eval (webpack-internal:///(app-pages-browser)/./src/components/EditorSection.tsx:10:79)
    at (app-pages-browser)/./src/components/EditorSection.tsx (http://localhost:3000/_next/static/chunks/app/%5Blocale%5D/page.js:7512:1)
    at options.factory (http://localhost:3000/_next/static/chunks/webpack.js:712:31)
    at __webpack_require__ (http://localhost:3000/_next/static/chunks/webpack.js:37:33)
    at fn (http://localhost:3000/_next/static/chunks/webpack.js:369:21)
    at eval (webpack-internal:///(app-pages-browser)/./src/app/[locale]/page.tsx:16:83)
    at (app-pages-browser)/./src/app/[locale]/page.tsx (http://localhost:3000/_next/static/chunks/app/%5Blocale%5D/page.js:7490:1)
    at options.factory (http://localhost:3000/_next/static/chunks/webpack.js:712:31)
    at __webpack_require__ (http://localhost:3000/_next/static/chunks/webpack.js:37:33)
    at fn (http://localhost:3000/_next/static/chunks/webpack.js:369:21)
    at requireModule (webpack-internal:///(app-pages-browser)/./node_modules/next/dist/compiled/react-server-dom-webpack/cjs/react-server-dom-webpack-client.browser.development.js:121:27)
    at initializeModuleChunk (webpack-internal:///(app-pages-browser)/./node_modules/next/dist/compiled/react-server-dom-webpack/cjs/react-server-dom-webpack-client.browser.development.js:1078:21)
    at resolveModuleChunk (webpack-internal:///(app-pages-browser)/./node_modules/next/dist/compiled/react-server-dom-webpack/cjs/react-server-dom-webpack-client.browser.development.js:1042:12)
    at eval (webpack-internal:///(app-pages-browser)/./node_modules/next/dist/compiled/react-server-dom-webpack/cjs/react-server-dom-webpack-client.browser.development.js:1636:20)
    at InnerLayoutRouter (webpack-internal:///(app-pages-browser)/./node_modules/next/dist/client/components/layout-router.js:308:55)
    at OuterLayoutRouter (webpack-internal:///(app-pages-browser)/./node_modules/next/dist/client/components/layout-router.js:458:73)
[   56727ms] Error: supabaseUrl is required.
    at new SupabaseClient (webpack-internal:///(app-pages-browser)/./node_modules/@supabase/supabase-js/dist/module/SupabaseClient.js:53:19)
    at createClient (webpack-internal:///(app-pages-browser)/./node_modules/@supabase/supabase-js/dist/module/index.js:60:12)
    at eval (webpack-internal:///(app-pages-browser)/./src/lib/supabase.ts:10:85)
    at (app-pages-browser)/./src/lib/supabase.ts (http://localhost:3000/_next/static/chunks/app/%5Blocale%5D/page.js:7710:1)
    at options.factory (http://localhost:3000/_next/static/chunks/webpack.js:712:31)
    at __webpack_require__ (http://localhost:3000/_next/static/chunks/webpack.js:37:33)
    at fn (http://localhost:3000/_next/static/chunks/webpack.js:369:21)
    at eval (webpack-internal:///(app-pages-browser)/./src/hooks/useImageUpload.ts:7:71)
    at (app-pages-browser)/./src/hooks/useImageUpload.ts (http://localhost:3000/_next/static/chunks/app/%5Blocale%5D/page.js:7677:1)
    at options.factory (http://localhost:3000/_next/static/chunks/webpack.js:712:31)
    at __webpack_require__ (http://localhost:3000/_next/static/chunks/webpack.js:37:33)
    at fn (http://localhost:3000/_next/static/chunks/webpack.js:369:21)
    at eval (webpack-internal:///(app-pages-browser)/./src/components/EditorSection.tsx:10:79)
    at (app-pages-browser)/./src/components/EditorSection.tsx (http://localhost:3000/_next/static/chunks/app/%5Blocale%5D/page.js:7512:1)
    at options.factory (http://localhost:3000/_next/static/chunks/webpack.js:712:31)
    at __webpack_require__ (http://localhost:3000/_next/static/chunks/webpack.js:37:33)
    at fn (http://localhost:3000/_next/static/chunks/webpack.js:369:21)
    at eval (webpack-internal:///(app-pages-browser)/./src/app/[locale]/page.tsx:16:83)
    at (app-pages-browser)/./src/app/[locale]/page.tsx (http://localhost:3000/_next/static/chunks/app/%5Blocale%5D/page.js:7490:1)
    at options.factory (http://localhost:3000/_next/static/chunks/webpack.js:712:31)
    at __webpack_require__ (http://localhost:3000/_next/static/chunks/webpack.js:37:33)
    at fn (http://localhost:3000/_next/static/chunks/webpack.js:369:21)
[   57587ms] [WARNING] [Fast Refresh] performing full reload because your application had an unrecoverable error @ webpack-internal:///(app-pages-browser)/./node_modules/next/dist/client/components/react-dev-overlay/app/hot-reloader-client.js:114
[   57923ms] [ERROR] Failed to load resource: the server responded with a status of 500 (Internal Server Error) @ http://localhost:3000/ko:0
[   58503ms] Error: supabaseUrl is required.
    at new SupabaseClient (webpack-internal:///(app-pages-browser)/./node_modules/@supabase/supabase-js/dist/module/SupabaseClient.js:53:19)
    at createClient (webpack-internal:///(app-pages-browser)/./node_modules/@supabase/supabase-js/dist/module/index.js:60:12)
    at eval (webpack-internal:///(app-pages-browser)/./src/lib/supabase.ts:10:85)
    at (app-pages-browser)/./src/lib/supabase.ts (http://localhost:3000/_next/static/chunks/app/%5Blocale%5D/page.js:7710:1)
    at options.factory (http://localhost:3000/_next/static/chunks/webpack.js:712:31)
    at __webpack_require__ (http://localhost:3000/_next/static/chunks/webpack.js:37:33)
    at fn (http://localhost:3000/_next/static/chunks/webpack.js:369:21)
    at eval (webpack-internal:///(app-pages-browser)/./src/hooks/useImageUpload.ts:7:71)
    at (app-pages-browser)/./src/hooks/useImageUpload.ts (http://localhost:3000/_next/static/chunks/app/%5Blocale%5D/page.js:7677:1)
    at options.factory (http://localhost:3000/_next/static/chunks/webpack.js:712:31)
    at __webpack_require__ (http://localhost:3000/_next/static/chunks/webpack.js:37:33)
    at fn (http://localhost:3000/_next/static/chunks/webpack.js:369:21)
    at eval (webpack-internal:///(app-pages-browser)/./src/components/EditorSection.tsx:10:79)
    at (app-pages-browser)/./src/components/EditorSection.tsx (http://localhost:3000/_next/static/chunks/app/%5Blocale%5D/page.js:7512:1)
    at options.factory (http://localhost:3000/_next/static/chunks/webpack.js:712:31)
    at __webpack_require__ (http://localhost:3000/_next/static/chunks/webpack.js:37:33)
    at fn (http://localhost:3000/_next/static/chunks/webpack.js:369:21)
    at eval (webpack-internal:///(app-pages-browser)/./src/app/[locale]/page.tsx:16:83)
    at (app-pages-browser)/./src/app/[locale]/page.tsx (http://localhost:3000/_next/static/chunks/app/%5Blocale%5D/page.js:7490:1)
    at options.factory (http://localhost:3000/_next/static/chunks/webpack.js:712:31)
    at __webpack_require__ (http://localhost:3000/_next/static/chunks/webpack.js:37:33)
    at fn (http://localhost:3000/_next/static/chunks/webpack.js:369:21)
    at requireModule (webpack-internal:///(app-pages-browser)/./node_modules/next/dist/compiled/react-server-dom-webpack/cjs/react-server-dom-webpack-client.browser.development.js:121:27)
    at initializeModuleChunk (webpack-internal:///(app-pages-browser)/./node_modules/next/dist/compiled/react-server-dom-webpack/cjs/react-server-dom-webpack-client.browser.development.js:1078:21)
    at resolveModuleChunk (webpack-internal:///(app-pages-browser)/./node_modules/next/dist/compiled/react-server-dom-webpack/cjs/react-server-dom-webpack-client.browser.development.js:1042:12)
    at eval (webpack-internal:///(app-pages-browser)/./node_modules/next/dist/compiled/react-server-dom-webpack/cjs/react-server-dom-webpack-client.browser.development.js:1636:20)
    at InnerLayoutRouter (webpack-internal:///(app-pages-browser)/./node_modules/next/dist/client/components/layout-router.js:308:55)
    at OuterLayoutRouter (webpack-internal:///(app-pages-browser)/./node_modules/next/dist/client/components/layout-router.js:458:73)
[   58514ms] Error: supabaseUrl is required.
    at new SupabaseClient (webpack-internal:///(app-pages-browser)/./node_modules/@supabase/supabase-js/dist/module/SupabaseClient.js:53:19)
    at createClient (webpack-internal:///(app-pages-browser)/./node_modules/@supabase/supabase-js/dist/module/index.js:60:12)
    at eval (webpack-internal:///(app-pages-browser)/./src/lib/supabase.ts:10:85)
    at (app-pages-browser)/./src/lib/supabase.ts (http://localhost:3000/_next/static/chunks/app/%5Blocale%5D/page.js:7710:1)
    at options.factory (http://localhost:3000/_next/static/chunks/webpack.js:712:31)
    at __webpack_require__ (http://localhost:3000/_next/static/chunks/webpack.js:37:33)
    at fn (http://localhost:3000/_next/static/chunks/webpack.js:369:21)
    at eval (webpack-internal:///(app-pages-browser)/./src/hooks/useImageUpload.ts:7:71)
    at (app-pages-browser)/./src/hooks/useImageUpload.ts (http://localhost:3000/_next/static/chunks/app/%5Blocale%5D/page.js:7677:1)
    at options.factory (http://localhost:3000/_next/static/chunks/webpack.js:712:31)
    at __webpack_require__ (http://localhost:3000/_next/static/chunks/webpack.js:37:33)
    at fn (http://localhost:3000/_next/static/chunks/webpack.js:369:21)
    at eval (webpack-internal:///(app-pages-browser)/./src/components/EditorSection.tsx:10:79)
    at (app-pages-browser)/./src/components/EditorSection.tsx (http://localhost:3000/_next/static/chunks/app/%5Blocale%5D/page.js:7512:1)
    at options.factory (http://localhost:3000/_next/static/chunks/webpack.js:712:31)
    at __webpack_require__ (http://localhost:3000/_next/static/chunks/webpack.js:37:33)
    at fn (http://localhost:3000/_next/static/chunks/webpack.js:369:21)
    at eval (webpack-internal:///(app-pages-browser)/./src/app/[locale]/page.tsx:16:83)
    at (app-pages-browser)/./src/app/[locale]/page.tsx (http://localhost:3000/_next/static/chunks/app/%5Blocale%5D/page.js:7490:1)
    at options.factory (http://localhost:3000/_next/static/chunks/webpack.js:712:31)
    at __webpack_require__ (http://localhost:3000/_next/static/chunks/webpack.js:37:33)
    at fn (http://localhost:3000/_next/static/chunks/webpack.js:369:21)
[   59456ms] [WARNING] [Fast Refresh] performing full reload because your application had an unrecoverable error @ webpack-internal:///(app-pages-browser)/./node_modules/next/dist/client/components/react-dev-overlay/app/hot-reloader-client.js:114
[   59796ms] [ERROR] Failed to load resource: the server responded with a status of 500 (Internal Server Error) @ http://localhost:3000/ko:0
[   60587ms] Error: supabaseUrl is required.
    at new SupabaseClient (webpack-internal:///(app-pages-browser)/./node_modules/@supabase/supabase-js/dist/module/SupabaseClient.js:53:19)
    at createClient (webpack-internal:///(app-pages-browser)/./node_modules/@supabase/supabase-js/dist/module/index.js:60:12)
    at eval (webpack-internal:///(app-pages-browser)/./src/lib/supabase.ts:10:85)
    at (app-pages-browser)/./src/lib/supabase.ts (http://localhost:3000/_next/static/chunks/app/%5Blocale%5D/page.js:7710:1)
    at options.factory (http://localhost:3000/_next/static/chunks/webpack.js:712:31)
    at __webpack_require__ (http://localhost:3000/_next/static/chunks/webpack.js:37:33)
    at fn (http://localhost:3000/_next/static/chunks/webpack.js:369:21)
    at eval (webpack-internal:///(app-pages-browser)/./src/hooks/useImageUpload.ts:7:71)
    at (app-pages-browser)/./src/hooks/useImageUpload.ts (http://localhost:3000/_next/static/chunks/app/%5Blocale%5D/page.js:7677:1)
    at options.factory (http://localhost:3000/_next/static/chunks/webpack.js:712:31)
    at __webpack_require__ (http://localhost:3000/_next/static/chunks/webpack.js:37:33)
    at fn (http://localhost:3000/_next/static/chunks/webpack.js:369:21)
    at eval (webpack-internal:///(app-pages-browser)/./src/components/EditorSection.tsx:10:79)
    at (app-pages-browser)/./src/components/EditorSection.tsx (http://localhost:3000/_next/static/chunks/app/%5Blocale%5D/page.js:7512:1)
    at options.factory (http://localhost:3000/_next/static/chunks/webpack.js:712:31)
    at __webpack_require__ (http://localhost:3000/_next/static/chunks/webpack.js:37:33)
    at fn (http://localhost:3000/_next/static/chunks/webpack.js:369:21)
    at eval (webpack-internal:///(app-pages-browser)/./src/app/[locale]/page.tsx:16:83)
    at (app-pages-browser)/./src/app/[locale]/page.tsx (http://localhost:3000/_next/static/chunks/app/%5Blocale%5D/page.js:7490:1)
    at options.factory (http://localhost:3000/_next/static/chunks/webpack.js:712:31)
    at __webpack_require__ (http://localhost:3000/_next/static/chunks/webpack.js:37:33)
    at fn (http://localhost:3000/_next/static/chunks/webpack.js:369:21)
    at requireModule (webpack-internal:///(app-pages-browser)/./node_modules/next/dist/compiled/react-server-dom-webpack/cjs/react-server-dom-webpack-client.browser.development.js:121:27)
    at initializeModuleChunk (webpack-internal:///(app-pages-browser)/./node_modules/next/dist/compiled/react-server-dom-webpack/cjs/react-server-dom-webpack-client.browser.development.js:1078:21)
    at resolveModuleChunk (webpack-internal:///(app-pages-browser)/./node_modules/next/dist/compiled/react-server-dom-webpack/cjs/react-server-dom-webpack-client.browser.development.js:1042:12)
    at eval (webpack-internal:///(app-pages-browser)/./node_modules/next/dist/compiled/react-server-dom-webpack/cjs/react-server-dom-webpack-client.browser.development.js:1636:20)
    at InnerLayoutRouter (webpack-internal:///(app-pages-browser)/./node_modules/next/dist/client/components/layout-router.js:308:55)
    at OuterLayoutRouter (webpack-internal:///(app-pages-browser)/./node_modules/next/dist/client/components/layout-router.js:458:73)
[   60597ms] Error: supabaseUrl is required.
    at new SupabaseClient (webpack-internal:///(app-pages-browser)/./node_modules/@supabase/supabase-js/dist/module/SupabaseClient.js:53:19)
    at createClient (webpack-internal:///(app-pages-browser)/./node_modules/@supabase/supabase-js/dist/module/index.js:60:12)
    at eval (webpack-internal:///(app-pages-browser)/./src/lib/supabase.ts:10:85)
    at (app-pages-browser)/./src/lib/supabase.ts (http://localhost:3000/_next/static/chunks/app/%5Blocale%5D/page.js:7710:1)
    at options.factory (http://localhost:3000/_next/static/chunks/webpack.js:712:31)
    at __webpack_require__ (http://localhost:3000/_next/static/chunks/webpack.js:37:33)
    at fn (http://localhost:3000/_next/static/chunks/webpack.js:369:21)
    at eval (webpack-internal:///(app-pages-browser)/./src/hooks/useImageUpload.ts:7:71)
    at (app-pages-browser)/./src/hooks/useImageUpload.ts (http://localhost:3000/_next/static/chunks/app/%5Blocale%5D/page.js:7677:1)
    at options.factory (http://localhost:3000/_next/static/chunks/webpack.js:712:31)
    at __webpack_require__ (http://localhost:3000/_next/static/chunks/webpack.js:37:33)
    at fn (http://localhost:3000/_next/static/chunks/webpack.js:369:21)
    at eval (webpack-internal:///(app-pages-browser)/./src/components/EditorSection.tsx:10:79)
    at (app-pages-browser)/./src/components/EditorSection.tsx (http://localhost:3000/_next/static/chunks/app/%5Blocale%5D/page.js:7512:1)
    at options.factory (http://localhost:3000/_next/static/chunks/webpack.js:712:31)
    at __webpack_require__ (http://localhost:3000/_next/static/chunks/webpack.js:37:33)
    at fn (http://localhost:3000/_next/static/chunks/webpack.js:369:21)
    at eval (webpack-internal:///(app-pages-browser)/./src/app/[locale]/page.tsx:16:83)
    at (app-pages-browser)/./src/app/[locale]/page.tsx (http://localhost:3000/_next/static/chunks/app/%5Blocale%5D/page.js:7490:1)
    at options.factory (http://localhost:3000/_next/static/chunks/webpack.js:712:31)
    at __webpack_require__ (http://localhost:3000/_next/static/chunks/webpack.js:37:33)
    at fn (http://localhost:3000/_next/static/chunks/webpack.js:369:21)
[   61574ms] [WARNING] [Fast Refresh] performing full reload because your application had an unrecoverable error @ webpack-internal:///(app-pages-browser)/./node_modules/next/dist/client/components/react-dev-overlay/app/hot-reloader-client.js:114
[   61935ms] [ERROR] Failed to load resource: the server responded with a status of 500 (Internal Server Error) @ http://localhost:3000/ko:0
[   62613ms] Error: supabaseUrl is required.
    at new SupabaseClient (webpack-internal:///(app-pages-browser)/./node_modules/@supabase/supabase-js/dist/module/SupabaseClient.js:53:19)
    at createClient (webpack-internal:///(app-pages-browser)/./node_modules/@supabase/supabase-js/dist/module/index.js:60:12)
    at eval (webpack-internal:///(app-pages-browser)/./src/lib/supabase.ts:10:85)
    at (app-pages-browser)/./src/lib/supabase.ts (http://localhost:3000/_next/static/chunks/app/%5Blocale%5D/page.js:7710:1)
    at options.factory (http://localhost:3000/_next/static/chunks/webpack.js:712:31)
    at __webpack_require__ (http://localhost:3000/_next/static/chunks/webpack.js:37:33)
    at fn (http://localhost:3000/_next/static/chunks/webpack.js:369:21)
    at eval (webpack-internal:///(app-pages-browser)/./src/hooks/useImageUpload.ts:7:71)
    at (app-pages-browser)/./src/hooks/useImageUpload.ts (http://localhost:3000/_next/static/chunks/app/%5Blocale%5D/page.js:7677:1)
    at options.factory (http://localhost:3000/_next/static/chunks/webpack.js:712:31)
    at __webpack_require__ (http://localhost:3000/_next/static/chunks/webpack.js:37:33)
    at fn (http://localhost:3000/_next/static/chunks/webpack.js:369:21)
    at eval (webpack-internal:///(app-pages-browser)/./src/components/EditorSection.tsx:10:79)
    at (app-pages-browser)/./src/components/EditorSection.tsx (http://localhost:3000/_next/static/chunks/app/%5Blocale%5D/page.js:7512:1)
    at options.factory (http://localhost:3000/_next/static/chunks/webpack.js:712:31)
    at __webpack_require__ (http://localhost:3000/_next/static/chunks/webpack.js:37:33)
    at fn (http://localhost:3000/_next/static/chunks/webpack.js:369:21)
    at eval (webpack-internal:///(app-pages-browser)/./src/app/[locale]/page.tsx:16:83)
    at (app-pages-browser)/./src/app/[locale]/page.tsx (http://localhost:3000/_next/static/chunks/app/%5Blocale%5D/page.js:7490:1)
    at options.factory (http://localhost:3000/_next/static/chunks/webpack.js:712:31)
    at __webpack_require__ (http://localhost:3000/_next/static/chunks/webpack.js:37:33)
    at fn (http://localhost:3000/_next/static/chunks/webpack.js:369:21)
    at requireModule (webpack-internal:///(app-pages-browser)/./node_modules/next/dist/compiled/react-server-dom-webpack/cjs/react-server-dom-webpack-client.browser.development.js:121:27)
    at initializeModuleChunk (webpack-internal:///(app-pages-browser)/./node_modules/next/dist/compiled/react-server-dom-webpack/cjs/react-server-dom-webpack-client.browser.development.js:1078:21)
    at resolveModuleChunk (webpack-internal:///(app-pages-browser)/./node_modules/next/dist/compiled/react-server-dom-webpack/cjs/react-server-dom-webpack-client.browser.development.js:1042:12)
    at eval (webpack-internal:///(app-pages-browser)/./node_modules/next/dist/compiled/react-server-dom-webpack/cjs/react-server-dom-webpack-client.browser.development.js:1636:20)
    at InnerLayoutRouter (webpack-internal:///(app-pages-browser)/./node_modules/next/dist/client/components/layout-router.js:308:55)
    at OuterLayoutRouter (webpack-internal:///(app-pages-browser)/./node_modules/next/dist/client/components/layout-router.js:458:73)
[   62621ms] Error: supabaseUrl is required.
    at new SupabaseClient (webpack-internal:///(app-pages-browser)/./node_modules/@supabase/supabase-js/dist/module/SupabaseClient.js:53:19)
    at createClient (webpack-internal:///(app-pages-browser)/./node_modules/@supabase/supabase-js/dist/module/index.js:60:12)
    at eval (webpack-internal:///(app-pages-browser)/./src/lib/supabase.ts:10:85)
    at (app-pages-browser)/./src/lib/supabase.ts (http://localhost:3000/_next/static/chunks/app/%5Blocale%5D/page.js:7710:1)
    at options.factory (http://localhost:3000/_next/static/chunks/webpack.js:712:31)
    at __webpack_require__ (http://localhost:3000/_next/static/chunks/webpack.js:37:33)
    at fn (http://localhost:3000/_next/static/chunks/webpack.js:369:21)
    at eval (webpack-internal:///(app-pages-browser)/./src/hooks/useImageUpload.ts:7:71)
    at (app-pages-browser)/./src/hooks/useImageUpload.ts (http://localhost:3000/_next/static/chunks/app/%5Blocale%5D/page.js:7677:1)
    at options.factory (http://localhost:3000/_next/static/chunks/webpack.js:712:31)
    at __webpack_require__ (http://localhost:3000/_next/static/chunks/webpack.js:37:33)
    at fn (http://localhost:3000/_next/static/chunks/webpack.js:369:21)
    at eval (webpack-internal:///(app-pages-browser)/./src/components/EditorSection.tsx:10:79)
    at (app-pages-browser)/./src/components/EditorSection.tsx (http://localhost:3000/_next/static/chunks/app/%5Blocale%5D/page.js:7512:1)
    at options.factory (http://localhost:3000/_next/static/chunks/webpack.js:712:31)
    at __webpack_require__ (http://localhost:3000/_next/static/chunks/webpack.js:37:33)
    at fn (http://localhost:3000/_next/static/chunks/webpack.js:369:21)
    at eval (webpack-internal:///(app-pages-browser)/./src/app/[locale]/page.tsx:16:83)
    at (app-pages-browser)/./src/app/[locale]/page.tsx (http://localhost:3000/_next/static/chunks/app/%5Blocale%5D/page.js:7490:1)
    at options.factory (http://localhost:3000/_next/static/chunks/webpack.js:712:31)
    at __webpack_require__ (http://localhost:3000/_next/static/chunks/webpack.js:37:33)
    at fn (http://localhost:3000/_next/static/chunks/webpack.js:369:21)
[   63969ms] [WARNING] [Fast Refresh] performing full reload because your application had an unrecoverable error @ webpack-internal:///(app-pages-browser)/./node_modules/next/dist/client/components/react-dev-overlay/app/hot-reloader-client.js:114
[   64412ms] [ERROR] Failed to load resource: the server responded with a status of 500 (Internal Server Error) @ http://localhost:3000/ko:0
[   65016ms] Error: supabaseUrl is required.
    at new SupabaseClient (webpack-internal:///(app-pages-browser)/./node_modules/@supabase/supabase-js/dist/module/SupabaseClient.js:53:19)
    at createClient (webpack-internal:///(app-pages-browser)/./node_modules/@supabase/supabase-js/dist/module/index.js:60:12)
    at eval (webpack-internal:///(app-pages-browser)/./src/lib/supabase.ts:10:85)
    at (app-pages-browser)/./src/lib/supabase.ts (http://localhost:3000/_next/static/chunks/app/%5Blocale%5D/page.js:7710:1)
    at options.factory (http://localhost:3000/_next/static/chunks/webpack.js:712:31)
    at __webpack_require__ (http://localhost:3000/_next/static/chunks/webpack.js:37:33)
    at fn (http://localhost:3000/_next/static/chunks/webpack.js:369:21)
    at eval (webpack-internal:///(app-pages-browser)/./src/hooks/useImageUpload.ts:7:71)
    at (app-pages-browser)/./src/hooks/useImageUpload.ts (http://localhost:3000/_next/static/chunks/app/%5Blocale%5D/page.js:7677:1)
    at options.factory (http://localhost:3000/_next/static/chunks/webpack.js:712:31)
    at __webpack_require__ (http://localhost:3000/_next/static/chunks/webpack.js:37:33)
    at fn (http://localhost:3000/_next/static/chunks/webpack.js:369:21)
    at eval (webpack-internal:///(app-pages-browser)/./src/components/EditorSection.tsx:10:79)
    at (app-pages-browser)/./src/components/EditorSection.tsx (http://localhost:3000/_next/static/chunks/app/%5Blocale%5D/page.js:7512:1)
    at options.factory (http://localhost:3000/_next/static/chunks/webpack.js:712:31)
    at __webpack_require__ (http://localhost:3000/_next/static/chunks/webpack.js:37:33)
    at fn (http://localhost:3000/_next/static/chunks/webpack.js:369:21)
    at eval (webpack-internal:///(app-pages-browser)/./src/app/[locale]/page.tsx:16:83)
    at (app-pages-browser)/./src/app/[locale]/page.tsx (http://localhost:3000/_next/static/chunks/app/%5Blocale%5D/page.js:7490:1)
    at options.factory (http://localhost:3000/_next/static/chunks/webpack.js:712:31)
    at __webpack_require__ (http://localhost:3000/_next/static/chunks/webpack.js:37:33)
    at fn (http://localhost:3000/_next/static/chunks/webpack.js:369:21)
    at requireModule (webpack-internal:///(app-pages-browser)/./node_modules/next/dist/compiled/react-server-dom-webpack/cjs/react-server-dom-webpack-client.browser.development.js:121:27)
    at initializeModuleChunk (webpack-internal:///(app-pages-browser)/./node_modules/next/dist/compiled/react-server-dom-webpack/cjs/react-server-dom-webpack-client.browser.development.js:1078:21)
    at resolveModuleChunk (webpack-internal:///(app-pages-browser)/./node_modules/next/dist/compiled/react-server-dom-webpack/cjs/react-server-dom-webpack-client.browser.development.js:1042:12)
    at eval (webpack-internal:///(app-pages-browser)/./node_modules/next/dist/compiled/react-server-dom-webpack/cjs/react-server-dom-webpack-client.browser.development.js:1636:20)
    at InnerLayoutRouter (webpack-internal:///(app-pages-browser)/./node_modules/next/dist/client/components/layout-router.js:308:55)
    at OuterLayoutRouter (webpack-internal:///(app-pages-browser)/./node_modules/next/dist/client/components/layout-router.js:458:73)
[   65023ms] Error: supabaseUrl is required.
    at new SupabaseClient (webpack-internal:///(app-pages-browser)/./node_modules/@supabase/supabase-js/dist/module/SupabaseClient.js:53:19)
    at createClient (webpack-internal:///(app-pages-browser)/./node_modules/@supabase/supabase-js/dist/module/index.js:60:12)
    at eval (webpack-internal:///(app-pages-browser)/./src/lib/supabase.ts:10:85)
    at (app-pages-browser)/./src/lib/supabase.ts (http://localhost:3000/_next/static/chunks/app/%5Blocale%5D/page.js:7710:1)
    at options.factory (http://localhost:3000/_next/static/chunks/webpack.js:712:31)
    at __webpack_require__ (http://localhost:3000/_next/static/chunks/webpack.js:37:33)
    at fn (http://localhost:3000/_next/static/chunks/webpack.js:369:21)
    at eval (webpack-internal:///(app-pages-browser)/./src/hooks/useImageUpload.ts:7:71)
    at (app-pages-browser)/./src/hooks/useImageUpload.ts (http://localhost:3000/_next/static/chunks/app/%5Blocale%5D/page.js:7677:1)
    at options.factory (http://localhost:3000/_next/static/chunks/webpack.js:712:31)
    at __webpack_require__ (http://localhost:3000/_next/static/chunks/webpack.js:37:33)
    at fn (http://localhost:3000/_next/static/chunks/webpack.js:369:21)
    at eval (webpack-internal:///(app-pages-browser)/./src/components/EditorSection.tsx:10:79)
    at (app-pages-browser)/./src/components/EditorSection.tsx (http://localhost:3000/_next/static/chunks/app/%5Blocale%5D/page.js:7512:1)
    at options.factory (http://localhost:3000/_next/static/chunks/webpack.js:712:31)
    at __webpack_require__ (http://localhost:3000/_next/static/chunks/webpack.js:37:33)
    at fn (http://localhost:3000/_next/static/chunks/webpack.js:369:21)
    at eval (webpack-internal:///(app-pages-browser)/./src/app/[locale]/page.tsx:16:83)
    at (app-pages-browser)/./src/app/[locale]/page.tsx (http://localhost:3000/_next/static/chunks/app/%5Blocale%5D/page.js:7490:1)
    at options.factory (http://localhost:3000/_next/static/chunks/webpack.js:712:31)
    at __webpack_require__ (http://localhost:3000/_next/static/chunks/webpack.js:37:33)
    at fn (http://localhost:3000/_next/static/chunks/webpack.js:369:21)
[   66065ms] [WARNING] [Fast Refresh] performing full reload because your application had an unrecoverable error @ webpack-internal:///(app-pages-browser)/./node_modules/next/dist/client/components/react-dev-overlay/app/hot-reloader-client.js:114
[   66400ms] [ERROR] Failed to load resource: the server responded with a status of 500 (Internal Server Error) @ http://localhost:3000/ko:0
[   67011ms] [ERROR] Failed to load resource: the server responded with a status of 500 (Internal Server Error) @ http://localhost:3000/ko:0
[   70707ms] [WARNING] The resource http://localhost:3000/_next/static/media/93f479601ee12b01-s.p.woff2 was preloaded using link preload but not used within a few seconds from the window's load event. Please make sure it has an appropriate `as` value and it is preloaded intentionally. @ http://localhost:3000/ko:0
[   70707ms] [WARNING] The resource http://localhost:3000/_next/static/media/4cf2300e9c8272f7-s.p.woff2 was preloaded using link preload but not used within a few seconds from the window's load event. Please make sure it has an appropriate `as` value and it is preloaded intentionally. @ http://localhost:3000/ko:0
[   70707ms] [WARNING] The resource http://localhost:3000/_next/static/css/app/%5Blocale%5D/layout.css?v=1773296234057 was preloaded using link preload but not used within a few seconds from the window's load event. Please make sure it has an appropriate `as` value and it is preloaded intentionally. @ http://localhost:3000/ko:0
[   70707ms] [WARNING] The resource http://localhost:3000/_next/static/css/app/layout.css?v=1773296234057 was preloaded using link preload but not used within a few seconds from the window's load event. Please make sure it has an appropriate `as` value and it is preloaded intentionally. @ http://localhost:3000/ko:0
